# JRE version: Java(TM) SE Runtime Environment (8.0_261-b12) (build 1.8.0_261-b12)
# Java VM: Java HotSpot(TM) 64-Bit Server VM (25.261-b12 mixed mode windows-amd64 compressed oops)
Heap:
 PSYoungGen      total 138752K, used 3642K [0x00000000f5580000, 0x00000000ffd80000, 0x0000000100000000)
  eden space 109568K, 0% used [0x00000000f5580000,0x00000000f5580000,0x00000000fc080000)
  from space 29184K, 12% used [0x00000000fe100000,0x00000000fe48eab0,0x00000000ffd80000)
  to   space 31232K, 0% used [0x00000000fc080000,0x00000000fc080000,0x00000000fdf00000)
 ParOldGen       total 175104K, used 156282K [0x00000000e0000000, 0x00000000eab00000, 0x00000000f5580000)
  object space 175104K, 89% used [0x00000000e0000000,0x00000000e989e938,0x00000000eab00000)
 Metaspace       used 84924K, capacity 88640K, committed 88960K, reserved 1126400K
  class space    used 11317K, capacity 12086K, committed 12160K, reserved 1048576K
GC Heap History (10 events):
Event: 223.246 GC heap after
Heap after GC invocations=21 (full 3):
 PSYoungGen      total 142848K, used 3726K [0x00000000f5580000, 0x0000000100000000, 0x0000000100000000)
  eden space 113152K, 0% used [0x00000000f5580000,0x00000000f5580000,0x00000000fc400000)
  from space 29696K, 12% used [0x00000000fe100000,0x00000000fe4a3b40,0x00000000ffe00000)
  to   space 29696K, 0% used [0x00000000fc400000,0x00000000fc400000,0x00000000fe100000)
 ParOldGen       total 175104K, used 141384K [0x00000000e0000000, 0x00000000eab00000, 0x00000000f5580000)
  object space 175104K, 80% used [0x00000000e0000000,0x00000000e8a12270,0x00000000eab00000)
 Metaspace       used 77836K, capacity 81290K, committed 81408K, reserved 1120256K
  class space    used 10513K, capacity 11229K, committed 11264K, reserved 1048576K
}
Event: 226.273 GC heap before
{Heap before GC invocations=22 (full 3):
 PSYoungGen      total 142848K, used 116878K [0x00000000f5580000, 0x0000000100000000, 0x0000000100000000)
  eden space 113152K, 100% used [0x00000000f5580000,0x00000000fc400000,0x00000000fc400000)
  from space 29696K, 12% used [0x00000000fe100000,0x00000000fe4a3b40,0x00000000ffe00000)
  to   space 29696K, 0% used [0x00000000fc400000,0x00000000fc400000,0x00000000fe100000)
 ParOldGen       total 175104K, used 141384K [0x00000000e0000000, 0x00000000eab00000, 0x00000000f5580000)
  object space 175104K, 80% used [0x00000000e0000000,0x00000000e8a12270,0x00000000eab00000)
 Metaspace       used 77865K, capacity 81334K, committed 81408K, reserved 1120256K
  class space    used 10516K, capacity 11263K, committed 11264K, reserved 1048576K
Event: 226.284 GC heap after
Heap after GC invocations=22 (full 3):
 PSYoungGen      total 142848K, used 896K [0x00000000f5580000, 0x0000000100000000, 0x0000000100000000)
  eden space 113152K, 0% used [0x00000000f5580000,0x00000000f5580000,0x00000000fc400000)
  from space 29696K, 3% used [0x00000000fc400000,0x00000000fc4e0000,0x00000000fe100000)
  to   space 30208K, 0% used [0x00000000fe280000,0x00000000fe280000,0x0000000100000000)
 ParOldGen       total 175104K, used 143479K [0x00000000e0000000, 0x00000000eab00000, 0x00000000f5580000)
  object space 175104K, 81% used [0x00000000e0000000,0x00000000e8c1dc68,0x00000000eab00000)
 Metaspace       used 77865K, capacity 81334K, committed 81408K, reserved 1120256K
  class space    used 10516K, capacity 11263K, committed 11264K, reserved 1048576K
}
Event: 235.768 GC heap before
{Heap before GC invocations=23 (full 3):
 PSYoungGen      total 142848K, used 114048K [0x00000000f5580000, 0x0000000100000000, 0x0000000100000000)
  eden space 113152K, 100% used [0x00000000f5580000,0x00000000fc400000,0x00000000fc400000)
  from space 29696K, 3% used [0x00000000fc400000,0x00000000fc4e0000,0x00000000fe100000)
  to   space 30208K, 0% used [0x00000000fe280000,0x00000000fe280000,0x0000000100000000)
 ParOldGen       total 175104K, used 143479K [0x00000000e0000000, 0x00000000eab00000, 0x00000000f5580000)
  object space 175104K, 81% used [0x00000000e0000000,0x00000000e8c1dc68,0x00000000eab00000)
 Metaspace       used 83391K, capacity 87000K, committed 87296K, reserved 1124352K
  class space    used 11177K, capacity 11948K, committed 12032K, reserved 1048576K
Event: 235.801 GC heap after
Heap after GC invocations=23 (full 3):
 PSYoungGen      total 138240K, used 25063K [0x00000000f5580000, 0x0000000100000000, 0x0000000100000000)
  eden space 108032K, 0% used [0x00000000f5580000,0x00000000f5580000,0x00000000fbf00000)
  from space 30208K, 82% used [0x00000000fe280000,0x00000000ffaf9ca0,0x0000000100000000)
  to   space 33280K, 0% used [0x00000000fbf00000,0x00000000fbf00000,0x00000000fdf80000)
 ParOldGen       total 175104K, used 144247K [0x00000000e0000000, 0x00000000eab00000, 0x00000000f5580000)
  object space 175104K, 82% used [0x00000000e0000000,0x00000000e8cddc68,0x00000000eab00000)
 Metaspace       used 83391K, capacity 87000K, committed 87296K, reserved 1124352K
  class space    used 11177K, capacity 11948K, committed 12032K, reserved 1048576K
}
Event: 240.359 GC heap before
{Heap before GC invocations=24 (full 3):
 PSYoungGen      total 138240K, used 133095K [0x00000000f5580000, 0x0000000100000000, 0x0000000100000000)
  eden space 108032K, 100% used [0x00000000f5580000,0x00000000fbf00000,0x00000000fbf00000)
  from space 30208K, 82% used [0x00000000fe280000,0x00000000ffaf9ca0,0x0000000100000000)
  to   space 33280K, 0% used [0x00000000fbf00000,0x00000000fbf00000,0x00000000fdf80000)
 ParOldGen       total 175104K, used 144247K [0x00000000e0000000, 0x00000000eab00000, 0x00000000f5580000)
  object space 175104K, 82% used [0x00000000e0000000,0x00000000e8cddc68,0x00000000eab00000)
 Metaspace       used 84888K, capacity 88640K, committed 88960K, reserved 1126400K
  class space    used 11317K, capacity 12086K, committed 12160K, reserved 1048576K
Event: 240.376 GC heap after
Heap after GC invocations=24 (full 3):
 PSYoungGen      total 141312K, used 9925K [0x00000000f5580000, 0x0000000100000000, 0x0000000100000000)
  eden space 108032K, 0% used [0x00000000f5580000,0x00000000f5580000,0x00000000fbf00000)
  from space 33280K, 29% used [0x00000000fbf00000,0x00000000fc8b1590,0x00000000fdf80000)
  to   space 31744K, 0% used [0x00000000fe100000,0x00000000fe100000,0x0000000100000000)
 ParOldGen       total 175104K, used 149968K [0x00000000e0000000, 0x00000000eab00000, 0x00000000f5580000)
  object space 175104K, 85% used [0x00000000e0000000,0x00000000e92741b8,0x00000000eab00000)
 Metaspace       used 84888K, capacity 88640K, committed 88960K, reserved 1126400K
  class space    used 11317K, capacity 12086K, committed 12160K, reserved 1048576K
}
Event: 241.414 GC heap before
{Heap before GC invocations=25 (full 3):
 PSYoungGen      total 141312K, used 117957K [0x00000000f5580000, 0x0000000100000000, 0x0000000100000000)
  eden space 108032K, 100% used [0x00000000f5580000,0x00000000fbf00000,0x00000000fbf00000)
  from space 33280K, 29% used [0x00000000fbf00000,0x00000000fc8b1590,0x00000000fdf80000)
  to   space 31744K, 0% used [0x00000000fe100000,0x00000000fe100000,0x0000000100000000)
 ParOldGen       total 175104K, used 149968K [0x00000000e0000000, 0x00000000eab00000, 0x00000000f5580000)
  object space 175104K, 85% used [0x00000000e0000000,0x00000000e92741b8,0x00000000eab00000)
 Metaspace       used 84924K, capacity 88640K, committed 88960K, reserved 1126400K
  class space    used 11317K, capacity 12086K, committed 12160K, reserved 1048576K
Event: 241.425 GC heap after
Heap after GC invocations=25 (full 3):
 PSYoungGen      total 138752K, used 3642K [0x00000000f5580000, 0x00000000ffd80000, 0x0000000100000000)
  eden space 109568K, 0% used [0x00000000f5580000,0x00000000f5580000,0x00000000fc080000)
  from space 29184K, 12% used [0x00000000fe100000,0x00000000fe48eab0,0x00000000ffd80000)
  to   space 31232K, 0% used [0x00000000fc080000,0x00000000fc080000,0x00000000fdf00000)
 ParOldGen       total 175104K, used 156282K [0x00000000e0000000, 0x00000000eab00000, 0x00000000f5580000)
  object space 175104K, 89% used [0x00000000e0000000,0x00000000e989e938,0x00000000eab00000)
 Metaspace       used 84924K, capacity 88640K, committed 88960K, reserved 1126400K
  class space    used 11317K, capacity 12086K, committed 12160K, reserved 1048576K
}
Event: 241.425 GC heap before
{Heap before GC invocations=26 (full 4):
 PSYoungGen      total 138752K, used 3642K [0x00000000f5580000, 0x00000000ffd80000, 0x0000000100000000)
  eden space 109568K, 0% used [0x00000000f5580000,0x00000000f5580000,0x00000000fc080000)
  from space 29184K, 12% used [0x00000000fe100000,0x00000000fe48eab0,0x00000000ffd80000)
  to   space 31232K, 0% used [0x00000000fc080000,0x00000000fc080000,0x00000000fdf00000)
 ParOldGen       total 175104K, used 156282K [0x00000000e0000000, 0x00000000eab00000, 0x00000000f5580000)
  object space 175104K, 89% used [0x00000000e0000000,0x00000000e989e938,0x00000000eab00000)
 Metaspace       used 84924K, capacity 88640K, committed 88960K, reserved 1126400K
  class space    used 11317K, capacity 12086K, committed 12160K, reserved 1048576K

